<?xml version="1.0" encoding="UTF-8"?>
<!-- Generated by org.testng.reporters.JUnitReportReporter -->
<testsuite hostname="DESKTOP-D76LPK7" failures="0" tests="4" name="testNg.Test1" time="0.008" errors="0" timestamp="2023-01-04T19:17:40 IST" skipped="0">
  <testcase classname="testNg.Test1" name="ademo" time="0.001"/>
  <system-out/>
  <testcase classname="testNg.Test1" name="Ademo" time="0.003"/>
  <system-out/>
  <testcase classname="testNg.Test1" name="bdemo" time="0.003"/>
  <system-out/>
  <testcase classname="testNg.Test1" name="Bdemo" time="0.001"/>
  <system-out/>
</testsuite> <!-- testNg.Test1 -->
