<?xml version="1.0" encoding="UTF-8"?>
<!-- Generated by org.testng.reporters.JUnitReportReporter -->
<testsuite hostname="DESKTOP-D76LPK7" failures="0" tests="2" name="BasicTestScript.DemoTestScriptTest" time="0.010" errors="0" timestamp="2023-01-06T16:01:29 IST" skipped="0">
  <testcase classname="BasicTestScript.DemoTestScriptTest" name="verifyHomePageTest" time="0.008"/>
  <system-out/>
  <testcase classname="BasicTestScript.DemoTestScriptTest" name="verifyCustomer" time="0.002"/>
  <system-out/>
</testsuite> <!-- BasicTestScript.DemoTestScriptTest -->
