<?xml version="1.0" encoding="UTF-8"?>
<!-- Generated by org.testng.reporters.JUnitReportReporter -->
<testsuite hostname="DESKTOP-D76LPK7" failures="0" tests="3" name="testNg.DataProvider" time="0.019" errors="0" timestamp="2023-01-04T19:17:40 IST" skipped="0">
  <testcase classname="testNg.DataProvider" name="test" time="0.005"/>
  <system-out/>
  <testcase classname="testNg.DataProvider" name="test" time="0.006"/>
  <system-out/>
  <testcase classname="testNg.DataProvider" name="test" time="0.008"/>
  <system-out/>
</testsuite> <!-- testNg.DataProvider -->
