<?xml version="1.0" encoding="UTF-8"?>
<!-- Generated by org.testng.reporters.JUnitReportReporter -->
<testsuite hostname="DESKTOP-D76LPK7" failures="0" tests="1" name="testNg.ClassD" time="7.009" errors="0" timestamp="2023-01-04T19:12:39 IST" skipped="0">
  <testcase classname="testNg.ClassD" name="demo1" time="7.009"/>
  <system-out/>
</testsuite> <!-- testNg.ClassD -->
