<?xml version="1.0" encoding="UTF-8"?>
<!-- Generated by org.testng.reporters.JUnitReportReporter -->
<testsuite hostname="DESKTOP-D76LPK7" failures="0" tests="5" name="testNg.InvocationCount" time="0.007" errors="0" timestamp="2023-01-04T19:17:40 IST" skipped="0">
  <testcase classname="testNg.InvocationCount" name="demoTest" time="0.002"/>
  <system-out/>
  <testcase classname="testNg.InvocationCount" name="demoTest" time="0.002"/>
  <system-out/>
  <testcase classname="testNg.InvocationCount" name="demoTest" time="0.001"/>
  <system-out/>
  <testcase classname="testNg.InvocationCount" name="demoTest" time="0.001"/>
  <system-out/>
  <testcase classname="testNg.InvocationCount" name="demoTest" time="0.001"/>
  <system-out/>
</testsuite> <!-- testNg.InvocationCount -->
